DEBUG:charset_normalizer:Encoding detection: ascii is most likely the one.
DEBUG:charset_normalizer:Encoding detection: ascii is most likely the one.
DEBUG:charset_normalizer:Encoding detection: ascii is most likely the one.
DEBUG:urllib3.connectionpool:Starting new HTTPS connection (1): www.cs.jhu.edu:443
DEBUG:urllib3.connectionpool:https://www.cs.jhu.edu:443 "HEAD /~yarowsky/ HTTP/1.1" 200 0
DEBUG:urllib3.connectionpool:Starting new HTTPS connection (1): www.cs.jhu.edu:443
DEBUG:urllib3.connectionpool:https://www.cs.jhu.edu:443 "HEAD /~yarowsky/466.officehours.html HTTP/1.1" 200 0
DEBUG:urllib3.connectionpool:Starting new HTTPS connection (1): www.cs.jhu.edu:443
DEBUG:urllib3.connectionpool:https://www.cs.jhu.edu:443 "HEAD /~yarowsky/601.466.l0.pdf HTTP/1.1" 200 0
DEBUG:urllib3.connectionpool:Starting new HTTPS connection (1): www.cs.jhu.edu:443
DEBUG:urllib3.connectionpool:https://www.cs.jhu.edu:443 "HEAD /~yarowsky/Gonzalez-vs-Google-case.pdf HTTP/1.1" 200 0
DEBUG:urllib3.connectionpool:Starting new HTTPS connection (1): www.cs.jhu.edu:443
DEBUG:urllib3.connectionpool:https://www.cs.jhu.edu:443 "HEAD /~yarowsky/601.466.on.exam.txt HTTP/1.1" 200 0
DEBUG:urllib3.connectionpool:Starting new HTTPS connection (1): www.cs.jhu.edu:443
DEBUG:urllib3.connectionpool:https://www.cs.jhu.edu:443 "HEAD /~yarowsky/cs466slides/ HTTP/1.1" 200 0
DEBUG:urllib3.connectionpool:Starting new HTTPS connection (1): piazza.com:443
DEBUG:urllib3.connectionpool:https://piazza.com:443 "HEAD /jhu/spring2024/601466666 HTTP/1.1" 200 0
DEBUG:urllib3.connectionpool:Starting new HTTP connection (1): www.cs.jhu.edu:80
DEBUG:urllib3.connectionpool:http://www.cs.jhu.edu:80 "HEAD /~yarowsky/cs466.pdf HTTP/1.1" 301 0
DEBUG:urllib3.connectionpool:Starting new HTTPS connection (1): nlp.stanford.edu:443
DEBUG:urllib3.connectionpool:https://nlp.stanford.edu:443 "HEAD /IR-book/information-retrieval-book.html HTTP/1.1" 200 0
DEBUG:urllib3.connectionpool:Starting new HTTPS connection (1): www.sims.berkeley.edu:443
DEBUG:urllib3.connectionpool:Starting new HTTPS connection (1): www.oreilly.com:443
DEBUG:urllib3.connectionpool:https://www.oreilly.com:443 "HEAD /openbook/webclient/ HTTP/1.1" 200 0
DEBUG:urllib3.connectionpool:Starting new HTTPS connection (1): http.cs.berkeley.edu:443
DEBUG:urllib3.connectionpool:Starting new HTTPS connection (1): www.cs.jhu.edu:443
DEBUG:urllib3.connectionpool:https://www.cs.jhu.edu:443 "HEAD /~yarowsky/601.466.hw1.pdf HTTP/1.1" 200 0
DEBUG:urllib3.connectionpool:Starting new HTTPS connection (1): www.cs.jhu.edu:443
DEBUG:urllib3.connectionpool:https://www.cs.jhu.edu:443 "HEAD /~yarowsky/601.466.hw1.zip HTTP/1.1" 200 0
DEBUG:urllib3.connectionpool:Starting new HTTPS connection (1): www.cs.jhu.edu:443
DEBUG:urllib3.connectionpool:https://www.cs.jhu.edu:443 "HEAD /~yarowsky/601.466.hw2.pdf HTTP/1.1" 200 0
DEBUG:urllib3.connectionpool:Starting new HTTPS connection (1): www.cs.jhu.edu:443
DEBUG:urllib3.connectionpool:https://www.cs.jhu.edu:443 "HEAD /~yarowsky/601.466.hw2.zip HTTP/1.1" 200 0
DEBUG:urllib3.connectionpool:Starting new HTTPS connection (1): www.cs.jhu.edu:443
DEBUG:urllib3.connectionpool:https://www.cs.jhu.edu:443 "HEAD /~yarowsky/601.466.hw3.pdf HTTP/1.1" 200 0
DEBUG:urllib3.connectionpool:Starting new HTTPS connection (1): www.cs.jhu.edu:443
DEBUG:urllib3.connectionpool:https://www.cs.jhu.edu:443 "HEAD /~yarowsky/601.466.hw3.zip HTTP/1.1" 200 0
DEBUG:urllib3.connectionpool:Starting new HTTPS connection (1): www.cs.jhu.edu:443
DEBUG:urllib3.connectionpool:https://www.cs.jhu.edu:443 "HEAD /~yarowsky/601.466.hw4.pdf HTTP/1.1" 200 0
DEBUG:urllib3.connectionpool:Starting new HTTP connection (1): www.cs.jhu.edu:80
DEBUG:urllib3.connectionpool:http://www.cs.jhu.edu:80 "HEAD /~yarowsky/601.466.hw4.zip HTTP/1.1" 301 0
DEBUG:urllib3.connectionpool:Starting new HTTPS connection (1): www.cs.jhu.edu:443
DEBUG:urllib3.connectionpool:https://www.cs.jhu.edu:443 "HEAD /~yarowsky/601.466.pr.pdf HTTP/1.1" 200 0
DEBUG:urllib3.connectionpool:Starting new HTTPS connection (1): prdownloads.sourceforge.net:443
DEBUG:urllib3.connectionpool:https://prdownloads.sourceforge.net:443 "HEAD /weka/weka.ppt HTTP/1.1" 301 0
DEBUG:urllib3.connectionpool:Starting new HTTPS connection (1): www.cs.waikato.ac.nz:443
DEBUG:urllib3.connectionpool:https://www.cs.waikato.ac.nz:443 "HEAD /ml/weka/index.html HTTP/1.1" 404 0
DEBUG:urllib3.connectionpool:Starting new HTTPS connection (1): kvtr.elte.hu:443
DEBUG:urllib3.connectionpool:Starting new HTTPS connection (1): citeseer.nj.nec.com:443
DEBUG:urllib3.connectionpool:Starting new HTTPS connection (1): www.w3.org:443
DEBUG:urllib3.connectionpool:https://www.w3.org:443 "HEAD /pub/WWW/Protocols/ HTTP/1.1" 301 0
