DEBUG:selenium.webdriver.common.selenium_manager:Selenium Manager binary found at: /Library/Frameworks/Python.framework/Versions/3.11/lib/python3.11/site-packages/selenium/webdriver/common/macos/selenium-manager
DEBUG:selenium.webdriver.common.selenium_manager:Executing process: /Library/Frameworks/Python.framework/Versions/3.11/lib/python3.11/site-packages/selenium/webdriver/common/macos/selenium-manager --browser chrome --debug --language-binding python --output json
DEBUG:selenium.webdriver.common.selenium_manager:chromedriver not found in PATH
DEBUG:selenium.webdriver.common.selenium_manager:chrome detected at /Applications/Google Chrome.app/Contents/MacOS/Google Chrome
DEBUG:selenium.webdriver.common.selenium_manager:Running command: /Applications/Google\ Chrome.app/Contents/MacOS/Google\ Chrome --version
DEBUG:selenium.webdriver.common.selenium_manager:Output: "Google Chrome 124.0.6367.156 "
DEBUG:selenium.webdriver.common.selenium_manager:Detected browser: chrome 124.0.6367.156
DEBUG:selenium.webdriver.common.selenium_manager:Required driver: chromedriver 124.0.6367.201
DEBUG:selenium.webdriver.common.selenium_manager:chromedriver 124.0.6367.201 already in the cache
DEBUG:selenium.webdriver.common.selenium_manager:Driver path: /Users/enochappiah/.cache/selenium/chromedriver/mac-x64/124.0.6367.201/chromedriver
DEBUG:selenium.webdriver.common.selenium_manager:Browser path: /Applications/Google Chrome.app/Contents/MacOS/Google Chrome
DEBUG:selenium.webdriver.common.selenium_manager:Using driver at: /Users/enochappiah/.cache/selenium/chromedriver/mac-x64/124.0.6367.201/chromedriver
DEBUG:selenium.webdriver.common.service:Started executable: `/Users/enochappiah/.cache/selenium/chromedriver/mac-x64/124.0.6367.201/chromedriver` in a child process with pid: 33822 using 0 to output -3
DEBUG:selenium.webdriver.remote.remote_connection:POST http://localhost:56972/session {'capabilities': {'firstMatch': [{}], 'alwaysMatch': {'browserName': 'chrome', 'pageLoadStrategy': <PageLoadStrategy.normal: 'normal'>, 'browserVersion': None, 'goog:chromeOptions': {'extensions': [], 'binary': '/Applications/Google Chrome.app/Contents/MacOS/Google Chrome', 'args': []}}}}
DEBUG:urllib3.connectionpool:Starting new HTTP connection (1): localhost:56972
DEBUG:urllib3.connectionpool:http://localhost:56972 "POST /session HTTP/1.1" 200 0
DEBUG:selenium.webdriver.remote.remote_connection:Remote response: status=200 | data={"value":{"capabilities":{"acceptInsecureCerts":false,"browserName":"chrome","browserVersion":"124.0.6367.156","chrome":{"chromedriverVersion":"124.0.6367.201 (46cf136d27d50afd9c618d164a3b95b3b62d0027-refs/branch-heads/6367@{#1130})","userDataDir":"/var/folders/0j/7rghzwz91n38__x_8m0s_72h0000gn/T/.org.chromium.Chromium.t26kIc"},"fedcm:accounts":true,"goog:chromeOptions":{"debuggerAddress":"localhost:56983"},"networkConnectionEnabled":false,"pageLoadStrategy":"normal","platformName":"mac","proxy":{},"setWindowRect":true,"strictFileInteractability":false,"timeouts":{"implicit":0,"pageLoad":300000,"script":30000},"unhandledPromptBehavior":"dismiss and notify","webauthn:extension:credBlob":true,"webauthn:extension:largeBlob":true,"webauthn:extension:minPinLength":true,"webauthn:extension:prf":true,"webauthn:virtualAuthenticators":true},"sessionId":"a832a6fa002552d904266432741e127b"}} | headers=HTTPHeaderDict({'Content-Length': '892', 'Content-Type': 'application/json; charset=utf-8', 'cache-control': 'no-cache'})
DEBUG:selenium.webdriver.remote.remote_connection:Finished Request
DEBUG:selenium.webdriver.remote.remote_connection:POST http://localhost:56972/session/a832a6fa002552d904266432741e127b/timeouts {'implicit': 10000}
DEBUG:urllib3.connectionpool:http://localhost:56972 "POST /session/a832a6fa002552d904266432741e127b/timeouts HTTP/1.1" 200 0
DEBUG:selenium.webdriver.remote.remote_connection:Remote response: status=200 | data={"value":null} | headers=HTTPHeaderDict({'Content-Length': '14', 'Content-Type': 'application/json; charset=utf-8', 'cache-control': 'no-cache'})
DEBUG:selenium.webdriver.remote.remote_connection:Finished Request
DEBUG:selenium.webdriver.remote.remote_connection:POST http://localhost:56972/session/a832a6fa002552d904266432741e127b/url {'url': 'https://www.mybobs.com/'}
DEBUG:urllib3.connectionpool:http://localhost:56972 "POST /session/a832a6fa002552d904266432741e127b/url HTTP/1.1" 200 0
DEBUG:selenium.webdriver.remote.remote_connection:Remote response: status=200 | data={"value":null} | headers=HTTPHeaderDict({'Content-Length': '14', 'Content-Type': 'application/json; charset=utf-8', 'cache-control': 'no-cache'})
DEBUG:selenium.webdriver.remote.remote_connection:Finished Request
DEBUG:selenium.webdriver.remote.remote_connection:POST http://localhost:56972/session/a832a6fa002552d904266432741e127b/element {'using': 'xpath', 'value': '/html/body/bobs-app-root/cx-storefront/header/cx-page-layout[1]/cx-page-slot[7]/bobs-header-search-b...'}
DEBUG:urllib3.connectionpool:http://localhost:56972 "POST /session/a832a6fa002552d904266432741e127b/element HTTP/1.1" 200 0
DEBUG:selenium.webdriver.remote.remote_connection:Remote response: status=200 | data={"value":{"element-6066-11e4-a52e-4f735466cecf":"f.BB2F41AA623C045EC79BB4F3D0CEDBD4.d.816735F94C5A7966571DCE8612714880.e.44"}} | headers=HTTPHeaderDict({'Content-Length': '126', 'Content-Type': 'application/json; charset=utf-8', 'cache-control': 'no-cache'})
DEBUG:selenium.webdriver.remote.remote_connection:Finished Request
DEBUG:selenium.webdriver.remote.remote_connection:POST http://localhost:56972/session/a832a6fa002552d904266432741e127b/element/f.BB2F41AA623C045EC79BB4F3D0CEDBD4.d.816735F94C5A7966571DCE8612714880.e.44/value {'text': 'memory foam mattress', 'value': ['m', 'e', 'm', 'o', 'r', 'y', ' ', 'f', 'o', 'a', 'm', ' ', 'm', 'a', 't', 't', 'r', 'e', 's', 's']}
DEBUG:urllib3.connectionpool:http://localhost:56972 "POST /session/a832a6fa002552d904266432741e127b/element/f.BB2F41AA623C045EC79BB4F3D0CEDBD4.d.816735F94C5A7966571DCE8612714880.e.44/value HTTP/1.1" 200 0
DEBUG:selenium.webdriver.remote.remote_connection:Remote response: status=200 | data={"value":null} | headers=HTTPHeaderDict({'Content-Length': '14', 'Content-Type': 'application/json; charset=utf-8', 'cache-control': 'no-cache'})
DEBUG:selenium.webdriver.remote.remote_connection:Finished Request
DEBUG:selenium.webdriver.remote.remote_connection:POST http://localhost:56972/session/a832a6fa002552d904266432741e127b/execute/sync {'script': '/* submitForm */var form = arguments[0];\nwhile (form.nodeName != "FORM" && form.parentNode) {\n  form...', 'args': [{'element-6066-11e4-a52e-4f735466cecf': 'f.BB2F41AA623C045EC79BB4F3D0CEDBD4.d.816735F94C5A7966571DCE8612714880.e.44'}]}
DEBUG:urllib3.connectionpool:http://localhost:56972 "POST /session/a832a6fa002552d904266432741e127b/execute/sync HTTP/1.1" 200 0
DEBUG:selenium.webdriver.remote.remote_connection:Remote response: status=200 | data={"value":null} | headers=HTTPHeaderDict({'Content-Length': '14', 'Content-Type': 'application/json; charset=utf-8', 'cache-control': 'no-cache'})
DEBUG:selenium.webdriver.remote.remote_connection:Finished Request
DEBUG:selenium.webdriver.remote.remote_connection:POST http://localhost:56972/session/a832a6fa002552d904266432741e127b/element {'using': 'xpath', 'value': '/html/body/bobs-app-root/cx-storefront/main/cx-page-layout/cx-page-slot/bobs-brx/div/br-page/div/div...'}
DEBUG:urllib3.connectionpool:http://localhost:56972 "POST /session/a832a6fa002552d904266432741e127b/element HTTP/1.1" 200 0
DEBUG:selenium.webdriver.remote.remote_connection:Remote response: status=200 | data={"value":{"element-6066-11e4-a52e-4f735466cecf":"f.BB2F41AA623C045EC79BB4F3D0CEDBD4.d.816735F94C5A7966571DCE8612714880.e.152"}} | headers=HTTPHeaderDict({'Content-Length': '127', 'Content-Type': 'application/json; charset=utf-8', 'cache-control': 'no-cache'})
DEBUG:selenium.webdriver.remote.remote_connection:Finished Request
DEBUG:selenium.webdriver.remote.remote_connection:POST http://localhost:56972/session/a832a6fa002552d904266432741e127b/element/f.BB2F41AA623C045EC79BB4F3D0CEDBD4.d.816735F94C5A7966571DCE8612714880.e.152/elements {'using': 'tag name', 'value': 'bobs-brx-product-card'}
DEBUG:urllib3.connectionpool:http://localhost:56972 "POST /session/a832a6fa002552d904266432741e127b/element/f.BB2F41AA623C045EC79BB4F3D0CEDBD4.d.816735F94C5A7966571DCE8612714880.e.152/elements HTTP/1.1" 200 0
DEBUG:selenium.webdriver.remote.remote_connection:Remote response: status=200 | data={"value":[{"element-6066-11e4-a52e-4f735466cecf":"f.BB2F41AA623C045EC79BB4F3D0CEDBD4.d.816735F94C5A7966571DCE8612714880.e.153"},{"element-6066-11e4-a52e-4f735466cecf":"f.BB2F41AA623C045EC79BB4F3D0CEDBD4.d.816735F94C5A7966571DCE8612714880.e.154"},{"element-6066-11e4-a52e-4f735466cecf":"f.BB2F41AA623C045EC79BB4F3D0CEDBD4.d.816735F94C5A7966571DCE8612714880.e.155"},{"element-6066-11e4-a52e-4f735466cecf":"f.BB2F41AA623C045EC79BB4F3D0CEDBD4.d.816735F94C5A7966571DCE8612714880.e.156"},{"element-6066-11e4-a52e-4f735466cecf":"f.BB2F41AA623C045EC79BB4F3D0CEDBD4.d.816735F94C5A7966571DCE8612714880.e.157"},{"element-6066-11e4-a52e-4f735466cecf":"f.BB2F41AA623C045EC79BB4F3D0CEDBD4.d.816735F94C5A7966571DCE8612714880.e.158"},{"element-6066-11e4-a52e-4f735466cecf":"f.BB2F41AA623C045EC79BB4F3D0CEDBD4.d.816735F94C5A7966571DCE8612714880.e.159"},{"element-6066-11e4-a52e-4f735466cecf":"f.BB2F41AA623C045EC79BB4F3D0CEDBD4.d.816735F94C5A7966571DCE8612714880.e.160"},{"element-6066-11e4-a52e-4f735466cecf":"f.BB2F41AA623C045EC79BB4F3D0CEDBD4.d.816735F94C5A7966571DCE8612714880.e.161"},{"element-6066-11e4-a52e-4f735466cecf":"f.BB2F41AA623C045EC79BB4F3D0CEDBD4.d.816735F94C5A7966571DCE8612714880.e.162"},{"element-6066-11e4-a52e-4f735466cecf":"f.BB2F41AA623C045EC79BB4F3D0CEDBD4.d.816735F94C5A7966571DCE8612714880.e.163"},{"element-6066-11e4-a52e-4f735466cecf":"f.BB2F41AA623C045EC79BB4F3D0CEDBD4.d.816735F94C5A7966571DCE8612714880.e.164"},{"element-6066-11e4-a52e-4f735466cecf":"f.BB2F41AA623C045EC79BB4F3D0CEDBD4.d.816735F94C5A7966571DCE8612714880.e.165"},{"element-6066-11e4-a52e-4f735466cecf":"f.BB2F41AA623C045EC79BB4F3D0CEDBD4.d.816735F94C5A7966571DCE8612714880.e.166"},{"element-6066-11e4-a52e-4f735466cecf":"f.BB2F41AA623C045EC79BB4F3D0CEDBD4.d.816735F94C5A7966571DCE8612714880.e.167"},{"element-6066-11e4-a52e-4f735466cecf":"f.BB2F41AA623C045EC79BB4F3D0CEDBD4.d.816735F94C5A7966571DCE8612714880.e.168"},{"element-6066-11e4-a52e-4f735466cecf":"f.BB2F41AA623C045EC79BB4F3D0CEDBD4.d.816735F94C5A7966571DCE8612714880.e.169"},{"element-6066-11e4-a52e-4f735466cecf":"f.BB2F41AA623C045EC79BB4F3D0CEDBD4.d.816735F94C5A7966571DCE8612714880.e.170"},{"element-6066-11e4-a52e-4f735466cecf":"f.BB2F41AA623C045EC79BB4F3D0CEDBD4.d.816735F94C5A7966571DCE8612714880.e.171"},{"element-6066-11e4-a52e-4f735466cecf":"f.BB2F41AA623C045EC79BB4F3D0CEDBD4.d.816735F94C5A7966571DCE8612714880.e.172"},{"element-6066-11e4-a52e-4f735466cecf":"f.BB2F41AA623C045EC79BB4F3D0CEDBD4.d.816735F94C5A7966571DCE8612714880.e.173"},{"element-6066-11e4-a52e-4f735466cecf":"f.BB2F41AA623C045EC79BB4F3D0CEDBD4.d.816735F94C5A7966571DCE8612714880.e.174"},{"element-6066-11e4-a52e-4f735466cecf":"f.BB2F41AA623C045EC79BB4F3D0CEDBD4.d.816735F94C5A7966571DCE8612714880.e.175"},{"element-6066-11e4-a52e-4f735466cecf":"f.BB2F41AA623C045EC79BB4F3D0CEDBD4.d.816735F94C5A7966571DCE8612714880.e.176"}]} | headers=HTTPHeaderDict({'Content-Length': '2843', 'Content-Type': 'application/json; charset=utf-8', 'cache-control': 'no-cache'})
DEBUG:selenium.webdriver.remote.remote_connection:Finished Request
DEBUG:selenium.webdriver.remote.remote_connection:POST http://localhost:56972/session/a832a6fa002552d904266432741e127b/element/f.BB2F41AA623C045EC79BB4F3D0CEDBD4.d.816735F94C5A7966571DCE8612714880.e.153/element {'using': 'css selector', 'value': '.bobs-product-card-dynamic-load'}
DEBUG:urllib3.connectionpool:http://localhost:56972 "POST /session/a832a6fa002552d904266432741e127b/element/f.BB2F41AA623C045EC79BB4F3D0CEDBD4.d.816735F94C5A7966571DCE8612714880.e.153/element HTTP/1.1" 200 0
DEBUG:selenium.webdriver.remote.remote_connection:Remote response: status=200 | data={"value":{"element-6066-11e4-a52e-4f735466cecf":"f.BB2F41AA623C045EC79BB4F3D0CEDBD4.d.816735F94C5A7966571DCE8612714880.e.177"}} | headers=HTTPHeaderDict({'Content-Length': '127', 'Content-Type': 'application/json; charset=utf-8', 'cache-control': 'no-cache'})
DEBUG:selenium.webdriver.remote.remote_connection:Finished Request
DEBUG:selenium.webdriver.remote.remote_connection:POST http://localhost:56972/session/a832a6fa002552d904266432741e127b/execute/sync {'script': '/* getAttribute */return (function(){return (function(){var d=this||self;function f(a,b){function c(...', 'args': [{'element-6066-11e4-a52e-4f735466cecf': 'f.BB2F41AA623C045EC79BB4F3D0CEDBD4.d.816735F94C5A7966571DCE8612714880.e.177'}, 'id']}
DEBUG:urllib3.connectionpool:http://localhost:56972 "POST /session/a832a6fa002552d904266432741e127b/execute/sync HTTP/1.1" 200 0
DEBUG:selenium.webdriver.remote.remote_connection:Remote response: status=200 | data={"value":"product20073670"} | headers=HTTPHeaderDict({'Content-Length': '27', 'Content-Type': 'application/json; charset=utf-8', 'cache-control': 'no-cache'})
DEBUG:selenium.webdriver.remote.remote_connection:Finished Request
DEBUG:selenium.webdriver.remote.remote_connection:POST http://localhost:56972/session/a832a6fa002552d904266432741e127b/element/f.BB2F41AA623C045EC79BB4F3D0CEDBD4.d.816735F94C5A7966571DCE8612714880.e.153/element {'using': 'xpath', 'value': '//*[@id="product20073670"]/div/bobs-generic-link/div/a/div'}
DEBUG:urllib3.connectionpool:http://localhost:56972 "POST /session/a832a6fa002552d904266432741e127b/element/f.BB2F41AA623C045EC79BB4F3D0CEDBD4.d.816735F94C5A7966571DCE8612714880.e.153/element HTTP/1.1" 200 0
DEBUG:selenium.webdriver.remote.remote_connection:Remote response: status=200 | data={"value":{"element-6066-11e4-a52e-4f735466cecf":"f.BB2F41AA623C045EC79BB4F3D0CEDBD4.d.816735F94C5A7966571DCE8612714880.e.178"}} | headers=HTTPHeaderDict({'Content-Length': '127', 'Content-Type': 'application/json; charset=utf-8', 'cache-control': 'no-cache'})
DEBUG:selenium.webdriver.remote.remote_connection:Finished Request
DEBUG:selenium.webdriver.remote.remote_connection:GET http://localhost:56972/session/a832a6fa002552d904266432741e127b/element/f.BB2F41AA623C045EC79BB4F3D0CEDBD4.d.816735F94C5A7966571DCE8612714880.e.178/text {}
DEBUG:urllib3.connectionpool:http://localhost:56972 "GET /session/a832a6fa002552d904266432741e127b/element/f.BB2F41AA623C045EC79BB4F3D0CEDBD4.d.816735F94C5A7966571DCE8612714880.e.178/text HTTP/1.1" 200 0
DEBUG:selenium.webdriver.remote.remote_connection:Remote response: status=200 | data={"value":"Bob-O-Pedic Zzzoom 10” Queen Mattress"} | headers=HTTPHeaderDict({'Content-Length': '51', 'Content-Type': 'application/json; charset=utf-8', 'cache-control': 'no-cache'})
DEBUG:selenium.webdriver.remote.remote_connection:Finished Request
DEBUG:selenium.webdriver.remote.remote_connection:POST http://localhost:56972/session/a832a6fa002552d904266432741e127b/element/f.BB2F41AA623C045EC79BB4F3D0CEDBD4.d.816735F94C5A7966571DCE8612714880.e.153/element {'using': 'xpath', 'value': '//*[@id="product20073670"]/div/div[4]/div[2]/div'}
DEBUG:urllib3.connectionpool:http://localhost:56972 "POST /session/a832a6fa002552d904266432741e127b/element/f.BB2F41AA623C045EC79BB4F3D0CEDBD4.d.816735F94C5A7966571DCE8612714880.e.153/element HTTP/1.1" 200 0
DEBUG:selenium.webdriver.remote.remote_connection:Remote response: status=200 | data={"value":{"element-6066-11e4-a52e-4f735466cecf":"f.BB2F41AA623C045EC79BB4F3D0CEDBD4.d.816735F94C5A7966571DCE8612714880.e.179"}} | headers=HTTPHeaderDict({'Content-Length': '127', 'Content-Type': 'application/json; charset=utf-8', 'cache-control': 'no-cache'})
DEBUG:selenium.webdriver.remote.remote_connection:Finished Request
DEBUG:selenium.webdriver.remote.remote_connection:GET http://localhost:56972/session/a832a6fa002552d904266432741e127b/element/f.BB2F41AA623C045EC79BB4F3D0CEDBD4.d.816735F94C5A7966571DCE8612714880.e.179/text {}
DEBUG:urllib3.connectionpool:http://localhost:56972 "GET /session/a832a6fa002552d904266432741e127b/element/f.BB2F41AA623C045EC79BB4F3D0CEDBD4.d.816735F94C5A7966571DCE8612714880.e.179/text HTTP/1.1" 200 0
DEBUG:selenium.webdriver.remote.remote_connection:Remote response: status=200 | data={"value":"$399.00\n6 mos special financing\nLearn More"} | headers=HTTPHeaderDict({'Content-Length': '56', 'Content-Type': 'application/json; charset=utf-8', 'cache-control': 'no-cache'})
DEBUG:selenium.webdriver.remote.remote_connection:Finished Request
DEBUG:selenium.webdriver.remote.remote_connection:POST http://localhost:56972/session/a832a6fa002552d904266432741e127b/element/f.BB2F41AA623C045EC79BB4F3D0CEDBD4.d.816735F94C5A7966571DCE8612714880.e.153/element {'using': 'xpath', 'value': '//*[@id="product20073670"]/div/bobs-generic-link/div/a'}
DEBUG:urllib3.connectionpool:http://localhost:56972 "POST /session/a832a6fa002552d904266432741e127b/element/f.BB2F41AA623C045EC79BB4F3D0CEDBD4.d.816735F94C5A7966571DCE8612714880.e.153/element HTTP/1.1" 200 0
DEBUG:selenium.webdriver.remote.remote_connection:Remote response: status=200 | data={"value":{"element-6066-11e4-a52e-4f735466cecf":"f.BB2F41AA623C045EC79BB4F3D0CEDBD4.d.816735F94C5A7966571DCE8612714880.e.180"}} | headers=HTTPHeaderDict({'Content-Length': '127', 'Content-Type': 'application/json; charset=utf-8', 'cache-control': 'no-cache'})
DEBUG:selenium.webdriver.remote.remote_connection:Finished Request
DEBUG:selenium.webdriver.remote.remote_connection:POST http://localhost:56972/session/a832a6fa002552d904266432741e127b/execute/sync {'script': '/* getAttribute */return (function(){return (function(){var d=this||self;function f(a,b){function c(...', 'args': [{'element-6066-11e4-a52e-4f735466cecf': 'f.BB2F41AA623C045EC79BB4F3D0CEDBD4.d.816735F94C5A7966571DCE8612714880.e.180'}, 'href']}
DEBUG:urllib3.connectionpool:http://localhost:56972 "POST /session/a832a6fa002552d904266432741e127b/execute/sync HTTP/1.1" 200 0
DEBUG:selenium.webdriver.remote.remote_connection:Remote response: status=200 | data={"value":"https://www.mybobs.com/outlet/mattresses-outlet/p/20073670"} | headers=HTTPHeaderDict({'Content-Length': '70', 'Content-Type': 'application/json; charset=utf-8', 'cache-control': 'no-cache'})
DEBUG:selenium.webdriver.remote.remote_connection:Finished Request
DEBUG:selenium.webdriver.remote.remote_connection:POST http://localhost:56972/session/a832a6fa002552d904266432741e127b/element/f.BB2F41AA623C045EC79BB4F3D0CEDBD4.d.816735F94C5A7966571DCE8612714880.e.154/element {'using': 'css selector', 'value': '.bobs-product-card-dynamic-load'}
DEBUG:urllib3.connectionpool:http://localhost:56972 "POST /session/a832a6fa002552d904266432741e127b/element/f.BB2F41AA623C045EC79BB4F3D0CEDBD4.d.816735F94C5A7966571DCE8612714880.e.154/element HTTP/1.1" 200 0
DEBUG:selenium.webdriver.remote.remote_connection:Remote response: status=200 | data={"value":{"element-6066-11e4-a52e-4f735466cecf":"f.BB2F41AA623C045EC79BB4F3D0CEDBD4.d.816735F94C5A7966571DCE8612714880.e.181"}} | headers=HTTPHeaderDict({'Content-Length': '127', 'Content-Type': 'application/json; charset=utf-8', 'cache-control': 'no-cache'})
DEBUG:selenium.webdriver.remote.remote_connection:Finished Request
DEBUG:selenium.webdriver.remote.remote_connection:POST http://localhost:56972/session/a832a6fa002552d904266432741e127b/execute/sync {'script': '/* getAttribute */return (function(){return (function(){var d=this||self;function f(a,b){function c(...', 'args': [{'element-6066-11e4-a52e-4f735466cecf': 'f.BB2F41AA623C045EC79BB4F3D0CEDBD4.d.816735F94C5A7966571DCE8612714880.e.181'}, 'id']}
DEBUG:urllib3.connectionpool:http://localhost:56972 "POST /session/a832a6fa002552d904266432741e127b/execute/sync HTTP/1.1" 200 0
DEBUG:selenium.webdriver.remote.remote_connection:Remote response: status=200 | data={"value":"product20071575004"} | headers=HTTPHeaderDict({'Content-Length': '30', 'Content-Type': 'application/json; charset=utf-8', 'cache-control': 'no-cache'})
DEBUG:selenium.webdriver.remote.remote_connection:Finished Request
DEBUG:selenium.webdriver.remote.remote_connection:POST http://localhost:56972/session/a832a6fa002552d904266432741e127b/element/f.BB2F41AA623C045EC79BB4F3D0CEDBD4.d.816735F94C5A7966571DCE8612714880.e.154/element {'using': 'xpath', 'value': '//*[@id="product20071575004"]/div/bobs-generic-link/div/a/div'}
DEBUG:urllib3.connectionpool:http://localhost:56972 "POST /session/a832a6fa002552d904266432741e127b/element/f.BB2F41AA623C045EC79BB4F3D0CEDBD4.d.816735F94C5A7966571DCE8612714880.e.154/element HTTP/1.1" 200 0
DEBUG:selenium.webdriver.remote.remote_connection:Remote response: status=200 | data={"value":{"element-6066-11e4-a52e-4f735466cecf":"f.BB2F41AA623C045EC79BB4F3D0CEDBD4.d.816735F94C5A7966571DCE8612714880.e.182"}} | headers=HTTPHeaderDict({'Content-Length': '127', 'Content-Type': 'application/json; charset=utf-8', 'cache-control': 'no-cache'})
DEBUG:selenium.webdriver.remote.remote_connection:Finished Request
DEBUG:selenium.webdriver.remote.remote_connection:GET http://localhost:56972/session/a832a6fa002552d904266432741e127b/element/f.BB2F41AA623C045EC79BB4F3D0CEDBD4.d.816735F94C5A7966571DCE8612714880.e.182/text {}
DEBUG:urllib3.connectionpool:http://localhost:56972 "GET /session/a832a6fa002552d904266432741e127b/element/f.BB2F41AA623C045EC79BB4F3D0CEDBD4.d.816735F94C5A7966571DCE8612714880.e.182/text HTTP/1.1" 200 0
DEBUG:selenium.webdriver.remote.remote_connection:Remote response: status=200 | data={"value":"Copper Sport Gel 11.5'' Queen Firm Mattress"} | headers=HTTPHeaderDict({'Content-Length': '55', 'Content-Type': 'application/json; charset=utf-8', 'cache-control': 'no-cache'})
DEBUG:selenium.webdriver.remote.remote_connection:Finished Request
DEBUG:selenium.webdriver.remote.remote_connection:POST http://localhost:56972/session/a832a6fa002552d904266432741e127b/element/f.BB2F41AA623C045EC79BB4F3D0CEDBD4.d.816735F94C5A7966571DCE8612714880.e.154/element {'using': 'xpath', 'value': '//*[@id="product20071575004"]/div/div[4]/div[2]/div'}
DEBUG:urllib3.connectionpool:http://localhost:56972 "POST /session/a832a6fa002552d904266432741e127b/element/f.BB2F41AA623C045EC79BB4F3D0CEDBD4.d.816735F94C5A7966571DCE8612714880.e.154/element HTTP/1.1" 200 0
DEBUG:selenium.webdriver.remote.remote_connection:Remote response: status=200 | data={"value":{"element-6066-11e4-a52e-4f735466cecf":"f.BB2F41AA623C045EC79BB4F3D0CEDBD4.d.816735F94C5A7966571DCE8612714880.e.183"}} | headers=HTTPHeaderDict({'Content-Length': '127', 'Content-Type': 'application/json; charset=utf-8', 'cache-control': 'no-cache'})
DEBUG:selenium.webdriver.remote.remote_connection:Finished Request
DEBUG:selenium.webdriver.remote.remote_connection:GET http://localhost:56972/session/a832a6fa002552d904266432741e127b/element/f.BB2F41AA623C045EC79BB4F3D0CEDBD4.d.816735F94C5A7966571DCE8612714880.e.183/text {}
DEBUG:urllib3.connectionpool:http://localhost:56972 "GET /session/a832a6fa002552d904266432741e127b/element/f.BB2F41AA623C045EC79BB4F3D0CEDBD4.d.816735F94C5A7966571DCE8612714880.e.183/text HTTP/1.1" 200 0
DEBUG:selenium.webdriver.remote.remote_connection:Remote response: status=200 | data={"value":"$799.00\n12 mos special financing\nLearn More"} | headers=HTTPHeaderDict({'Content-Length': '57', 'Content-Type': 'application/json; charset=utf-8', 'cache-control': 'no-cache'})
DEBUG:selenium.webdriver.remote.remote_connection:Finished Request
DEBUG:selenium.webdriver.remote.remote_connection:POST http://localhost:56972/session/a832a6fa002552d904266432741e127b/element/f.BB2F41AA623C045EC79BB4F3D0CEDBD4.d.816735F94C5A7966571DCE8612714880.e.154/element {'using': 'xpath', 'value': '//*[@id="product20071575004"]/div/bobs-generic-link/div/a'}
DEBUG:urllib3.connectionpool:http://localhost:56972 "POST /session/a832a6fa002552d904266432741e127b/element/f.BB2F41AA623C045EC79BB4F3D0CEDBD4.d.816735F94C5A7966571DCE8612714880.e.154/element HTTP/1.1" 200 0
DEBUG:selenium.webdriver.remote.remote_connection:Remote response: status=200 | data={"value":{"element-6066-11e4-a52e-4f735466cecf":"f.BB2F41AA623C045EC79BB4F3D0CEDBD4.d.816735F94C5A7966571DCE8612714880.e.184"}} | headers=HTTPHeaderDict({'Content-Length': '127', 'Content-Type': 'application/json; charset=utf-8', 'cache-control': 'no-cache'})
DEBUG:selenium.webdriver.remote.remote_connection:Finished Request
DEBUG:selenium.webdriver.remote.remote_connection:POST http://localhost:56972/session/a832a6fa002552d904266432741e127b/execute/sync {'script': '/* getAttribute */return (function(){return (function(){var d=this||self;function f(a,b){function c(...', 'args': [{'element-6066-11e4-a52e-4f735466cecf': 'f.BB2F41AA623C045EC79BB4F3D0CEDBD4.d.816735F94C5A7966571DCE8612714880.e.184'}, 'href']}
DEBUG:urllib3.connectionpool:http://localhost:56972 "POST /session/a832a6fa002552d904266432741e127b/execute/sync HTTP/1.1" 200 0
DEBUG:selenium.webdriver.remote.remote_connection:Remote response: status=200 | data={"value":"https://www.mybobs.com/mattresses/p/20071575004"} | headers=HTTPHeaderDict({'Content-Length': '59', 'Content-Type': 'application/json; charset=utf-8', 'cache-control': 'no-cache'})
DEBUG:selenium.webdriver.remote.remote_connection:Finished Request
DEBUG:selenium.webdriver.remote.remote_connection:POST http://localhost:56972/session/a832a6fa002552d904266432741e127b/element/f.BB2F41AA623C045EC79BB4F3D0CEDBD4.d.816735F94C5A7966571DCE8612714880.e.155/element {'using': 'css selector', 'value': '.bobs-product-card-dynamic-load'}
DEBUG:urllib3.connectionpool:http://localhost:56972 "POST /session/a832a6fa002552d904266432741e127b/element/f.BB2F41AA623C045EC79BB4F3D0CEDBD4.d.816735F94C5A7966571DCE8612714880.e.155/element HTTP/1.1" 200 0
DEBUG:selenium.webdriver.remote.remote_connection:Remote response: status=200 | data={"value":{"element-6066-11e4-a52e-4f735466cecf":"f.BB2F41AA623C045EC79BB4F3D0CEDBD4.d.816735F94C5A7966571DCE8612714880.e.185"}} | headers=HTTPHeaderDict({'Content-Length': '127', 'Content-Type': 'application/json; charset=utf-8', 'cache-control': 'no-cache'})
DEBUG:selenium.webdriver.remote.remote_connection:Finished Request
DEBUG:selenium.webdriver.remote.remote_connection:POST http://localhost:56972/session/a832a6fa002552d904266432741e127b/execute/sync {'script': '/* getAttribute */return (function(){return (function(){var d=this||self;function f(a,b){function c(...', 'args': [{'element-6066-11e4-a52e-4f735466cecf': 'f.BB2F41AA623C045EC79BB4F3D0CEDBD4.d.816735F94C5A7966571DCE8612714880.e.185'}, 'id']}
DEBUG:urllib3.connectionpool:http://localhost:56972 "POST /session/a832a6fa002552d904266432741e127b/execute/sync HTTP/1.1" 200 0
DEBUG:selenium.webdriver.remote.remote_connection:Remote response: status=200 | data={"value":"product20082849003"} | headers=HTTPHeaderDict({'Content-Length': '30', 'Content-Type': 'application/json; charset=utf-8', 'cache-control': 'no-cache'})
DEBUG:selenium.webdriver.remote.remote_connection:Finished Request
DEBUG:selenium.webdriver.remote.remote_connection:POST http://localhost:56972/session/a832a6fa002552d904266432741e127b/element/f.BB2F41AA623C045EC79BB4F3D0CEDBD4.d.816735F94C5A7966571DCE8612714880.e.155/element {'using': 'xpath', 'value': '//*[@id="product20082849003"]/div/bobs-generic-link/div/a/div'}
DEBUG:urllib3.connectionpool:http://localhost:56972 "POST /session/a832a6fa002552d904266432741e127b/element/f.BB2F41AA623C045EC79BB4F3D0CEDBD4.d.816735F94C5A7966571DCE8612714880.e.155/element HTTP/1.1" 200 0
DEBUG:selenium.webdriver.remote.remote_connection:Remote response: status=200 | data={"value":{"element-6066-11e4-a52e-4f735466cecf":"f.BB2F41AA623C045EC79BB4F3D0CEDBD4.d.816735F94C5A7966571DCE8612714880.e.186"}} | headers=HTTPHeaderDict({'Content-Length': '127', 'Content-Type': 'application/json; charset=utf-8', 'cache-control': 'no-cache'})
DEBUG:selenium.webdriver.remote.remote_connection:Finished Request
DEBUG:selenium.webdriver.remote.remote_connection:GET http://localhost:56972/session/a832a6fa002552d904266432741e127b/element/f.BB2F41AA623C045EC79BB4F3D0CEDBD4.d.816735F94C5A7966571DCE8612714880.e.186/text {}
DEBUG:urllib3.connectionpool:http://localhost:56972 "GET /session/a832a6fa002552d904266432741e127b/element/f.BB2F41AA623C045EC79BB4F3D0CEDBD4.d.816735F94C5A7966571DCE8612714880.e.186/text HTTP/1.1" 200 0
DEBUG:selenium.webdriver.remote.remote_connection:Remote response: status=200 | data={"value":"Energy 14'' Queen Firm Mattress"} | headers=HTTPHeaderDict({'Content-Length': '43', 'Content-Type': 'application/json; charset=utf-8', 'cache-control': 'no-cache'})
DEBUG:selenium.webdriver.remote.remote_connection:Finished Request
DEBUG:selenium.webdriver.remote.remote_connection:POST http://localhost:56972/session/a832a6fa002552d904266432741e127b/element/f.BB2F41AA623C045EC79BB4F3D0CEDBD4.d.816735F94C5A7966571DCE8612714880.e.155/element {'using': 'xpath', 'value': '//*[@id="product20082849003"]/div/div[4]/div[2]/div'}
DEBUG:urllib3.connectionpool:http://localhost:56972 "POST /session/a832a6fa002552d904266432741e127b/element/f.BB2F41AA623C045EC79BB4F3D0CEDBD4.d.816735F94C5A7966571DCE8612714880.e.155/element HTTP/1.1" 200 0
DEBUG:selenium.webdriver.remote.remote_connection:Remote response: status=200 | data={"value":{"element-6066-11e4-a52e-4f735466cecf":"f.BB2F41AA623C045EC79BB4F3D0CEDBD4.d.816735F94C5A7966571DCE8612714880.e.187"}} | headers=HTTPHeaderDict({'Content-Length': '127', 'Content-Type': 'application/json; charset=utf-8', 'cache-control': 'no-cache'})
DEBUG:selenium.webdriver.remote.remote_connection:Finished Request
DEBUG:selenium.webdriver.remote.remote_connection:GET http://localhost:56972/session/a832a6fa002552d904266432741e127b/element/f.BB2F41AA623C045EC79BB4F3D0CEDBD4.d.816735F94C5A7966571DCE8612714880.e.187/text {}
DEBUG:urllib3.connectionpool:http://localhost:56972 "GET /session/a832a6fa002552d904266432741e127b/element/f.BB2F41AA623C045EC79BB4F3D0CEDBD4.d.816735F94C5A7966571DCE8612714880.e.187/text HTTP/1.1" 200 0
DEBUG:selenium.webdriver.remote.remote_connection:Remote response: status=200 | data={"value":"$999.00\n12 mos special financing\nLearn More"} | headers=HTTPHeaderDict({'Content-Length': '57', 'Content-Type': 'application/json; charset=utf-8', 'cache-control': 'no-cache'})
DEBUG:selenium.webdriver.remote.remote_connection:Finished Request
DEBUG:selenium.webdriver.remote.remote_connection:POST http://localhost:56972/session/a832a6fa002552d904266432741e127b/element/f.BB2F41AA623C045EC79BB4F3D0CEDBD4.d.816735F94C5A7966571DCE8612714880.e.155/element {'using': 'xpath', 'value': '//*[@id="product20082849003"]/div/bobs-generic-link/div/a'}
DEBUG:urllib3.connectionpool:http://localhost:56972 "POST /session/a832a6fa002552d904266432741e127b/element/f.BB2F41AA623C045EC79BB4F3D0CEDBD4.d.816735F94C5A7966571DCE8612714880.e.155/element HTTP/1.1" 200 0
DEBUG:selenium.webdriver.remote.remote_connection:Remote response: status=200 | data={"value":{"element-6066-11e4-a52e-4f735466cecf":"f.BB2F41AA623C045EC79BB4F3D0CEDBD4.d.816735F94C5A7966571DCE8612714880.e.188"}} | headers=HTTPHeaderDict({'Content-Length': '127', 'Content-Type': 'application/json; charset=utf-8', 'cache-control': 'no-cache'})
DEBUG:selenium.webdriver.remote.remote_connection:Finished Request
DEBUG:selenium.webdriver.remote.remote_connection:POST http://localhost:56972/session/a832a6fa002552d904266432741e127b/execute/sync {'script': '/* getAttribute */return (function(){return (function(){var d=this||self;function f(a,b){function c(...', 'args': [{'element-6066-11e4-a52e-4f735466cecf': 'f.BB2F41AA623C045EC79BB4F3D0CEDBD4.d.816735F94C5A7966571DCE8612714880.e.188'}, 'href']}
DEBUG:urllib3.connectionpool:http://localhost:56972 "POST /session/a832a6fa002552d904266432741e127b/execute/sync HTTP/1.1" 200 0
DEBUG:selenium.webdriver.remote.remote_connection:Remote response: status=200 | data={"value":"https://www.mybobs.com/mattresses/p/20082849003"} | headers=HTTPHeaderDict({'Content-Length': '59', 'Content-Type': 'application/json; charset=utf-8', 'cache-control': 'no-cache'})
DEBUG:selenium.webdriver.remote.remote_connection:Finished Request
DEBUG:selenium.webdriver.remote.remote_connection:POST http://localhost:56972/session/a832a6fa002552d904266432741e127b/element/f.BB2F41AA623C045EC79BB4F3D0CEDBD4.d.816735F94C5A7966571DCE8612714880.e.156/element {'using': 'css selector', 'value': '.bobs-product-card-dynamic-load'}
DEBUG:urllib3.connectionpool:http://localhost:56972 "POST /session/a832a6fa002552d904266432741e127b/element/f.BB2F41AA623C045EC79BB4F3D0CEDBD4.d.816735F94C5A7966571DCE8612714880.e.156/element HTTP/1.1" 200 0
DEBUG:selenium.webdriver.remote.remote_connection:Remote response: status=200 | data={"value":{"element-6066-11e4-a52e-4f735466cecf":"f.BB2F41AA623C045EC79BB4F3D0CEDBD4.d.816735F94C5A7966571DCE8612714880.e.189"}} | headers=HTTPHeaderDict({'Content-Length': '127', 'Content-Type': 'application/json; charset=utf-8', 'cache-control': 'no-cache'})
DEBUG:selenium.webdriver.remote.remote_connection:Finished Request
DEBUG:selenium.webdriver.remote.remote_connection:POST http://localhost:56972/session/a832a6fa002552d904266432741e127b/execute/sync {'script': '/* getAttribute */return (function(){return (function(){var d=this||self;function f(a,b){function c(...', 'args': [{'element-6066-11e4-a52e-4f735466cecf': 'f.BB2F41AA623C045EC79BB4F3D0CEDBD4.d.816735F94C5A7966571DCE8612714880.e.189'}, 'id']}
DEBUG:urllib3.connectionpool:http://localhost:56972 "POST /session/a832a6fa002552d904266432741e127b/execute/sync HTTP/1.1" 200 0
DEBUG:selenium.webdriver.remote.remote_connection:Remote response: status=200 | data={"value":"product20075383"} | headers=HTTPHeaderDict({'Content-Length': '27', 'Content-Type': 'application/json; charset=utf-8', 'cache-control': 'no-cache'})
DEBUG:selenium.webdriver.remote.remote_connection:Finished Request
DEBUG:selenium.webdriver.remote.remote_connection:POST http://localhost:56972/session/a832a6fa002552d904266432741e127b/element/f.BB2F41AA623C045EC79BB4F3D0CEDBD4.d.816735F94C5A7966571DCE8612714880.e.156/element {'using': 'xpath', 'value': '//*[@id="product20075383"]/div/bobs-generic-link/div/a/div'}
DEBUG:urllib3.connectionpool:http://localhost:56972 "POST /session/a832a6fa002552d904266432741e127b/element/f.BB2F41AA623C045EC79BB4F3D0CEDBD4.d.816735F94C5A7966571DCE8612714880.e.156/element HTTP/1.1" 404 0
DEBUG:selenium.webdriver.remote.remote_connection:Remote response: status=404 | data={"value":{"error":"no such element","message":"no such element: Unable to locate element: {\"method\":\"xpath\",\"selector\":\"//*[@id=\"product20075383\"]/div/bobs-generic-link/div/a/div\"}\n  (Session info: chrome=124.0.6367.156)","stacktrace":"0   chromedriver                        0x00000001059cdae8 chromedriver + 5217000\n1   chromedriver                        0x00000001059c5723 chromedriver + 5183267\n2   chromedriver                        0x0000000105537527 chromedriver + 406823\n3   chromedriver                        0x0000000105582ff2 chromedriver + 716786\n4   chromedriver                        0x0000000105583181 chromedriver + 717185\n5   chromedriver                        0x0000000105577aa6 chromedriver + 670374\n6   chromedriver                        0x00000001055a572d chromedriver + 857901\n7   chromedriver                        0x0000000105577998 chromedriver + 670104\n8   chromedriver                        0x00000001055a58be chromedriver + 858302\n9   chromedriver                        0x00000001055c46bf chromedriver + 984767\n10  chromedriver                        0x00000001055a54a3 chromedriver + 857251\n11  chromedriver                        0x0000000105575fe3 chromedriver + 663523\n12  chromedriver                        0x000000010557692e chromedriver + 665902\n13  chromedriver                        0x000000010598ba00 chromedriver + 4946432\n14  chromedriver                        0x0000000105991ab4 chromedriver + 4971188\n15  chromedriver                        0x000000010596c4fe chromedriver + 4818174\n16  chromedriver                        0x00000001059925c9 chromedriver + 4974025\n17  chromedriver                        0x000000010595c784 chromedriver + 4753284\n18  chromedriver                        0x00000001059b4c78 chromedriver + 5115000\n19  chromedriver                        0x00000001059b4e37 chromedriver + 5115447\n20  chromedriver                        0x00000001059c5343 chromedriver + 5182275\n21  libsystem_pthread.dylib             0x00007ff809fe918b _pthread_start + 99\n22  libsystem_pthread.dylib             0x00007ff809fe4ae3 thread_start + 15\n"}} | headers=HTTPHeaderDict({'Content-Length': '2140', 'Content-Type': 'application/json; charset=utf-8', 'cache-control': 'no-cache'})
DEBUG:selenium.webdriver.remote.remote_connection:Finished Request
