DEBUG:extracted:('https://www.cs.jhu.edu/', 'EMAIL', 'contactus@cs.jhu.edu')
DEBUG:visited:https://www.cs.jhu.edu/
DEBUG:extracted:('https://www.cs.jhu.edu/#skip_content', 'EMAIL', 'contactus@cs.jhu.edu')
DEBUG:extracted:('https://www.cs.jhu.edu/#alert', 'EMAIL', 'contactus@cs.jhu.edu')
DEBUG:extracted:('https://www.cs.jhu.edu/it-support/', 'PHONE', '410-516-6281')
DEBUG:extracted:('https://www.cs.jhu.edu/it-support/', 'PHONE', '410-516-6259')
DEBUG:extracted:('https://www.cs.jhu.edu/it-support/', 'PHONE', '410-516-5249')
DEBUG:extracted:('https://www.cs.jhu.edu/it-support/', 'PHONE', '410-516-4898')
DEBUG:extracted:('https://www.cs.jhu.edu/it-support/', 'EMAIL', 'support@cs.jhu.edu')
DEBUG:extracted:('https://www.cs.jhu.edu/it-support/', 'EMAIL', 'steve410@cs.jhu.edu')
DEBUG:extracted:('https://www.cs.jhu.edu/it-support/', 'EMAIL', 'steve@cs.jhu.edu')
DEBUG:extracted:('https://www.cs.jhu.edu/it-support/', 'EMAIL', 'pip@cs.jhu.edu')
DEBUG:extracted:('https://www.cs.jhu.edu/it-support/', 'EMAIL', 'cvenghaus@jhu.edu')
DEBUG:extracted:('https://www.cs.jhu.edu/it-support/', 'EMAIL', 'contactus@cs.jhu.edu')
DEBUG:extracted:('https://www.cs.jhu.edu/#menu', 'EMAIL', 'contactus@cs.jhu.edu')
DEBUG:extracted:('https://www.cs.jhu.edu/search/', 'EMAIL', 'contactus@cs.jhu.edu')
DEBUG:extracted:('https://www.cs.jhu.edu/academic-programs/undergraduate-studies/undergraduate-academics/current-undergraduate-students/', 'PHONE', '410-516-4117')
DEBUG:extracted:('https://www.cs.jhu.edu/academic-programs/undergraduate-studies/undergraduate-academics/current-undergraduate-students/', 'PHONE', '410-516-8001')
DEBUG:extracted:('https://www.cs.jhu.edu/academic-programs/undergraduate-studies/undergraduate-academics/current-undergraduate-students/', 'EMAIL', 'joanne@cs.jhu.edu')
DEBUG:extracted:('https://www.cs.jhu.edu/academic-programs/undergraduate-studies/undergraduate-academics/current-undergraduate-students/', 'EMAIL', 'ldoan6@jhu.edu')
DEBUG:extracted:('https://www.cs.jhu.edu/academic-programs/undergraduate-studies/undergraduate-academics/current-undergraduate-students/', 'EMAIL', 'rniles3@jhu.edu')
DEBUG:extracted:('https://www.cs.jhu.edu/academic-programs/undergraduate-studies/undergraduate-academics/current-undergraduate-students/', 'EMAIL', 'advising@cs.jhu.edu')
DEBUG:extracted:('https://www.cs.jhu.edu/academic-programs/undergraduate-studies/undergraduate-academics/current-undergraduate-students/', 'EMAIL', 'wseadvising@jhu.edu')
DEBUG:extracted:('https://www.cs.jhu.edu/academic-programs/undergraduate-studies/undergraduate-academics/current-undergraduate-students/', 'EMAIL', 'support@cs.jhu.edu')
DEBUG:extracted:('https://www.cs.jhu.edu/academic-programs/undergraduate-studies/undergraduate-academics/current-undergraduate-students/', 'EMAIL', 'svazakas@jhu.edu')
DEBUG:extracted:('https://www.cs.jhu.edu/academic-programs/undergraduate-studies/undergraduate-academics/current-undergraduate-students/', 'EMAIL', 'contactus@cs.jhu.edu')
DEBUG:extracted:('https://www.cs.jhu.edu/academic-programs/graduate-studies/current-graduate-students/', 'PHONE', '410-516-7451')
DEBUG:extracted:('https://www.cs.jhu.edu/academic-programs/graduate-studies/current-graduate-students/', 'PHONE', '410-516-4117')
DEBUG:extracted:('https://www.cs.jhu.edu/academic-programs/graduate-studies/current-graduate-students/', 'PHONE', '410-516-7777')
DEBUG:extracted:('https://www.cs.jhu.edu/academic-programs/graduate-studies/current-graduate-students/', 'EMAIL', 'kimfranklin@jhu.edu')
DEBUG:extracted:('https://www.cs.jhu.edu/academic-programs/graduate-studies/current-graduate-students/', 'EMAIL', 'rniles3@jhu.edu')
DEBUG:extracted:('https://www.cs.jhu.edu/academic-programs/graduate-studies/current-graduate-students/', 'EMAIL', 'joanne@cs.jhu.edu')
DEBUG:extracted:('https://www.cs.jhu.edu/academic-programs/graduate-studies/current-graduate-students/', 'EMAIL', 'support@cs.jhu.edu')
DEBUG:extracted:('https://www.cs.jhu.edu/academic-programs/graduate-studies/current-graduate-students/', 'EMAIL', 'svazakas@jhu.edu')
DEBUG:extracted:('https://www.cs.jhu.edu/academic-programs/graduate-studies/current-graduate-students/', 'EMAIL', 'etd-support@Jhu.edu')
DEBUG:extracted:('https://www.cs.jhu.edu/academic-programs/graduate-studies/current-graduate-students/', 'EMAIL', 'etd-support@jhu.edu')
DEBUG:extracted:('https://www.cs.jhu.edu/academic-programs/graduate-studies/current-graduate-students/', 'EMAIL', 'ois@jhu.edu')
DEBUG:extracted:('https://www.cs.jhu.edu/academic-programs/graduate-studies/current-graduate-students/', 'EMAIL', 'contactus@cs.jhu.edu')
DEBUG:extracted:('https://imagine.jhu.edu/hire-at-hopkins/', 'ADDRESS', 'Baltimore, MD 21210')
DEBUG:visited:https://imagine.jhu.edu/hire-at-hopkins/
DEBUG:extracted:('https://www.cs.jhu.edu', 'EMAIL', 'contactus@cs.jhu.edu')
DEBUG:visited:https://engineering.jhu.edu/request-information/
DEBUG:visited:https://engineering.jhu.edu/admissions/
DEBUG:extracted:('https://makeagift.jhu.edu/form/eng', 'PHONE', '410-516-8723')
DEBUG:extracted:('https://makeagift.jhu.edu/form/eng', 'EMAIL', 'progress-tracker@v2.0.7')
DEBUG:extracted:('https://makeagift.jhu.edu/form/eng', 'EMAIL', 'bootstrap@3.4.1')
DEBUG:extracted:('https://makeagift.jhu.edu/form/eng', 'EMAIL', 'drupal-bootstrap-styles@0.0.2')
DEBUG:extracted:('https://makeagift.jhu.edu/form/eng', 'EMAIL', 'engineering@jhu.edu')
DEBUG:extracted:('https://makeagift.jhu.edu/form/eng', 'EMAIL', 'matchinggifts@jhu.edu')
DEBUG:extracted:('https://makeagift.jhu.edu/form/eng', 'EMAIL', 'core@2.11.6')
DEBUG:extracted:('https://makeagift.jhu.edu/form/eng', 'EMAIL', 'tippy.js@6.2.6')
DEBUG:extracted:('https://makeagift.jhu.edu/form/eng', 'EMAIL', 'Inputmask@5.0.8')
DEBUG:extracted:('https://makeagift.jhu.edu/form/eng', 'ADDRESS', 'Baltimore, Maryland 21211')
DEBUG:extracted:('https://makeagift.jhu.edu/form/eng', 'ADDRESS', 'Baltimore, MD 21211')
DEBUG:visited:https://makeagift.jhu.edu/form/eng
DEBUG:extracted:('https://www.cs.jhu.edu/about/', 'EMAIL', 'contactus@cs.jhu.edu')
DEBUG:extracted:('https://www.cs.jhu.edu/about/message-from-dept-head/', 'EMAIL', 'contactus@cs.jhu.edu')
DEBUG:extracted:('https://www.cs.jhu.edu/about/diversity-and-inclusion/', 'EMAIL', 'diversityandinclusion@cs.jhu.edu')
DEBUG:extracted:('https://www.cs.jhu.edu/about/diversity-and-inclusion/', 'EMAIL', 'contactus@cs.jhu.edu')
DEBUG:extracted:('https://www.cs.jhu.edu/about/employment-opportunities/', 'EMAIL', 'fsearch2022@cs.jhu.edu')
DEBUG:extracted:('https://www.cs.jhu.edu/about/employment-opportunities/', 'EMAIL', 'lecsearch@cs.jhu.edu')
DEBUG:extracted:('https://www.cs.jhu.edu/about/employment-opportunities/', 'EMAIL', 'suchi.saria@gmail.com')
DEBUG:extracted:('https://www.cs.jhu.edu/about/employment-opportunities/', 'EMAIL', 'contactus@cs.jhu.edu')
DEBUG:extracted:('https://www.cs.jhu.edu/academic-programs/', 'EMAIL', 'contactus@cs.jhu.edu')
